2016-02-03 20:37:02,583 [myid:] - INFO  [main:QuorumPeerConfig@103] - Reading configuration from: /usr/local/zookeeper/bin/../conf/zoo.cfg
2016-02-03 20:37:02,591 [myid:] - WARN  [main:QuorumPeerConfig@296] - Non-optimial configuration, consider an odd number of servers.
2016-02-03 20:37:02,591 [myid:] - INFO  [main:QuorumPeerConfig@340] - Defaulting to majority quorums
2016-02-03 20:37:02,594 [myid:1] - INFO  [main:DatadirCleanupManager@78] - autopurge.snapRetainCount set to 3
2016-02-03 20:37:02,595 [myid:1] - INFO  [main:DatadirCleanupManager@79] - autopurge.purgeInterval set to 0
2016-02-03 20:37:02,595 [myid:1] - INFO  [main:DatadirCleanupManager@101] - Purge task is not scheduled.
2016-02-03 20:37:02,604 [myid:1] - INFO  [main:QuorumPeerMain@127] - Starting quorum peer
2016-02-03 20:37:02,613 [myid:1] - INFO  [main:NIOServerCnxnFactory@94] - binding to port 0.0.0.0/0.0.0.0:2181
2016-02-03 20:37:02,629 [myid:1] - INFO  [main:QuorumPeer@959] - tickTime set to 2000
2016-02-03 20:37:02,629 [myid:1] - INFO  [main:QuorumPeer@979] - minSessionTimeout set to -1
2016-02-03 20:37:02,629 [myid:1] - INFO  [main:QuorumPeer@990] - maxSessionTimeout set to -1
2016-02-03 20:37:02,629 [myid:1] - INFO  [main:QuorumPeer@1005] - initLimit set to 10
2016-02-03 20:37:02,638 [myid:1] - INFO  [main:FileSnap@83] - Reading snapshot /var/lib/zookeeper/version-2/snapshot.200000000
2016-02-03 20:37:02,647 [myid:1] - INFO  [Thread-1:QuorumCnxManager$Listener@504] - My election bind port: ec2-52-71-164-204.compute-1.amazonaws.com/172.31.0.134:3888
2016-02-03 20:37:02,653 [myid:1] - INFO  [QuorumPeer[myid=1]/0:0:0:0:0:0:0:0:2181:QuorumPeer@714] - LOOKING
2016-02-03 20:37:02,654 [myid:1] - INFO  [QuorumPeer[myid=1]/0:0:0:0:0:0:0:0:2181:FastLeaderElection@815] - New election. My id =  1, proposed zxid=0x200000000
2016-02-03 20:37:02,657 [myid:1] - INFO  [WorkerReceiver[myid=1]:FastLeaderElection@597] - Notification: 1 (message format version), 1 (n.leader), 0x200000000 (n.zxid), 0x1 (n.round), LOOKING (n.state), 1 (n.sid), 0x3 (n.peerEpoch) LOOKING (my state)
2016-02-03 20:37:02,659 [myid:1] - WARN  [WorkerSender[myid=1]:QuorumCnxManager@382] - Cannot open channel to 2 at election address ec2-52-72-19-250.compute-1.amazonaws.com/172.31.0.135:3888
java.net.ConnectException: Connection refused
	at java.net.PlainSocketImpl.socketConnect(Native Method)
	at java.net.AbstractPlainSocketImpl.doConnect(AbstractPlainSocketImpl.java:350)
	at java.net.AbstractPlainSocketImpl.connectToAddress(AbstractPlainSocketImpl.java:206)
	at java.net.AbstractPlainSocketImpl.connect(AbstractPlainSocketImpl.java:188)
	at java.net.SocksSocketImpl.connect(SocksSocketImpl.java:392)
	at java.net.Socket.connect(Socket.java:589)
	at org.apache.zookeeper.server.quorum.QuorumCnxManager.connectOne(QuorumCnxManager.java:368)
	at org.apache.zookeeper.server.quorum.QuorumCnxManager.toSend(QuorumCnxManager.java:341)
	at org.apache.zookeeper.server.quorum.FastLeaderElection$Messenger$WorkerSender.process(FastLeaderElection.java:449)
	at org.apache.zookeeper.server.quorum.FastLeaderElection$Messenger$WorkerSender.run(FastLeaderElection.java:430)
	at java.lang.Thread.run(Thread.java:745)
2016-02-03 20:37:02,662 [myid:1] - INFO  [WorkerSender[myid=1]:QuorumCnxManager@193] - Have smaller server identifier, so dropping the connection: (3, 1)
2016-02-03 20:37:02,662 [myid:1] - WARN  [WorkerSender[myid=1]:QuorumCnxManager@382] - Cannot open channel to 4 at election address ec2-52-7-57-86.compute-1.amazonaws.com/172.31.0.137:3888
java.net.ConnectException: Connection refused
	at java.net.PlainSocketImpl.socketConnect(Native Method)
	at java.net.AbstractPlainSocketImpl.doConnect(AbstractPlainSocketImpl.java:350)
	at java.net.AbstractPlainSocketImpl.connectToAddress(AbstractPlainSocketImpl.java:206)
	at java.net.AbstractPlainSocketImpl.connect(AbstractPlainSocketImpl.java:188)
	at java.net.SocksSocketImpl.connect(SocksSocketImpl.java:392)
	at java.net.Socket.connect(Socket.java:589)
	at org.apache.zookeeper.server.quorum.QuorumCnxManager.connectOne(QuorumCnxManager.java:368)
	at org.apache.zookeeper.server.quorum.QuorumCnxManager.toSend(QuorumCnxManager.java:341)
	at org.apache.zookeeper.server.quorum.FastLeaderElection$Messenger$WorkerSender.process(FastLeaderElection.java:449)
	at org.apache.zookeeper.server.quorum.FastLeaderElection$Messenger$WorkerSender.run(FastLeaderElection.java:430)
	at java.lang.Thread.run(Thread.java:745)
2016-02-03 20:37:02,662 [myid:1] - INFO  [ec2-52-71-164-204.compute-1.amazonaws.com/172.31.0.134:3888:QuorumCnxManager$Listener@511] - Received connection request /172.31.0.136:59834
2016-02-03 20:37:02,666 [myid:1] - INFO  [WorkerReceiver[myid=1]:FastLeaderElection@597] - Notification: 1 (message format version), 3 (n.leader), 0x300000000 (n.zxid), 0x3 (n.round), LOOKING (n.state), 3 (n.sid), 0x3 (n.peerEpoch) LOOKING (my state)
2016-02-03 20:37:02,666 [myid:1] - INFO  [WorkerReceiver[myid=1]:FastLeaderElection@597] - Notification: 1 (message format version), 3 (n.leader), 0x300000000 (n.zxid), 0x3 (n.round), LOOKING (n.state), 3 (n.sid), 0x3 (n.peerEpoch) LOOKING (my state)
2016-02-03 20:37:02,666 [myid:1] - INFO  [WorkerReceiver[myid=1]:FastLeaderElection@597] - Notification: 1 (message format version), 3 (n.leader), 0x300000000 (n.zxid), 0x3 (n.round), LOOKING (n.state), 1 (n.sid), 0x3 (n.peerEpoch) LOOKING (my state)
2016-02-03 20:37:02,667 [myid:1] - WARN  [WorkerSender[myid=1]:QuorumCnxManager@382] - Cannot open channel to 2 at election address ec2-52-72-19-250.compute-1.amazonaws.com/172.31.0.135:3888
java.net.ConnectException: Connection refused
	at java.net.PlainSocketImpl.socketConnect(Native Method)
	at java.net.AbstractPlainSocketImpl.doConnect(AbstractPlainSocketImpl.java:350)
	at java.net.AbstractPlainSocketImpl.connectToAddress(AbstractPlainSocketImpl.java:206)
	at java.net.AbstractPlainSocketImpl.connect(AbstractPlainSocketImpl.java:188)
	at java.net.SocksSocketImpl.connect(SocksSocketImpl.java:392)
	at java.net.Socket.connect(Socket.java:589)
	at org.apache.zookeeper.server.quorum.QuorumCnxManager.connectOne(QuorumCnxManager.java:368)
	at org.apache.zookeeper.server.quorum.QuorumCnxManager.toSend(QuorumCnxManager.java:341)
	at org.apache.zookeeper.server.quorum.FastLeaderElection$Messenger$WorkerSender.process(FastLeaderElection.java:449)
	at org.apache.zookeeper.server.quorum.FastLeaderElection$Messenger$WorkerSender.run(FastLeaderElection.java:430)
	at java.lang.Thread.run(Thread.java:745)
2016-02-03 20:37:02,667 [myid:1] - WARN  [WorkerSender[myid=1]:QuorumCnxManager@382] - Cannot open channel to 4 at election address ec2-52-7-57-86.compute-1.amazonaws.com/172.31.0.137:3888
java.net.ConnectException: Connection refused
	at java.net.PlainSocketImpl.socketConnect(Native Method)
	at java.net.AbstractPlainSocketImpl.doConnect(AbstractPlainSocketImpl.java:350)
	at java.net.AbstractPlainSocketImpl.connectToAddress(AbstractPlainSocketImpl.java:206)
	at java.net.AbstractPlainSocketImpl.connect(AbstractPlainSocketImpl.java:188)
	at java.net.SocksSocketImpl.connect(SocksSocketImpl.java:392)
	at java.net.Socket.connect(Socket.java:589)
	at org.apache.zookeeper.server.quorum.QuorumCnxManager.connectOne(QuorumCnxManager.java:368)
	at org.apache.zookeeper.server.quorum.QuorumCnxManager.toSend(QuorumCnxManager.java:341)
	at org.apache.zookeeper.server.quorum.FastLeaderElection$Messenger$WorkerSender.process(FastLeaderElection.java:449)
	at org.apache.zookeeper.server.quorum.FastLeaderElection$Messenger$WorkerSender.run(FastLeaderElection.java:430)
	at java.lang.Thread.run(Thread.java:745)
2016-02-03 20:37:02,867 [myid:1] - INFO  [QuorumPeer[myid=1]/0:0:0:0:0:0:0:0:2181:FastLeaderElection@849] - Notification time out: 400
2016-02-03 20:37:02,867 [myid:1] - INFO  [WorkerReceiver[myid=1]:FastLeaderElection@597] - Notification: 1 (message format version), 3 (n.leader), 0x300000000 (n.zxid), 0x3 (n.round), LOOKING (n.state), 1 (n.sid), 0x3 (n.peerEpoch) LOOKING (my state)
2016-02-03 20:37:02,868 [myid:1] - WARN  [WorkerSender[myid=1]:QuorumCnxManager@382] - Cannot open channel to 2 at election address ec2-52-72-19-250.compute-1.amazonaws.com/172.31.0.135:3888
java.net.ConnectException: Connection refused
	at java.net.PlainSocketImpl.socketConnect(Native Method)
	at java.net.AbstractPlainSocketImpl.doConnect(AbstractPlainSocketImpl.java:350)
	at java.net.AbstractPlainSocketImpl.connectToAddress(AbstractPlainSocketImpl.java:206)
	at java.net.AbstractPlainSocketImpl.connect(AbstractPlainSocketImpl.java:188)
	at java.net.SocksSocketImpl.connect(SocksSocketImpl.java:392)
	at java.net.Socket.connect(Socket.java:589)
	at org.apache.zookeeper.server.quorum.QuorumCnxManager.connectOne(QuorumCnxManager.java:368)
	at org.apache.zookeeper.server.quorum.QuorumCnxManager.toSend(QuorumCnxManager.java:341)
	at org.apache.zookeeper.server.quorum.FastLeaderElection$Messenger$WorkerSender.process(FastLeaderElection.java:449)
	at org.apache.zookeeper.server.quorum.FastLeaderElection$Messenger$WorkerSender.run(FastLeaderElection.java:430)
	at java.lang.Thread.run(Thread.java:745)
2016-02-03 20:37:02,869 [myid:1] - WARN  [WorkerSender[myid=1]:QuorumCnxManager@382] - Cannot open channel to 4 at election address ec2-52-7-57-86.compute-1.amazonaws.com/172.31.0.137:3888
java.net.ConnectException: Connection refused
	at java.net.PlainSocketImpl.socketConnect(Native Method)
	at java.net.AbstractPlainSocketImpl.doConnect(AbstractPlainSocketImpl.java:350)
	at java.net.AbstractPlainSocketImpl.connectToAddress(AbstractPlainSocketImpl.java:206)
	at java.net.AbstractPlainSocketImpl.connect(AbstractPlainSocketImpl.java:188)
	at java.net.SocksSocketImpl.connect(SocksSocketImpl.java:392)
	at java.net.Socket.connect(Socket.java:589)
	at org.apache.zookeeper.server.quorum.QuorumCnxManager.connectOne(QuorumCnxManager.java:368)
	at org.apache.zookeeper.server.quorum.QuorumCnxManager.toSend(QuorumCnxManager.java:341)
	at org.apache.zookeeper.server.quorum.FastLeaderElection$Messenger$WorkerSender.process(FastLeaderElection.java:449)
	at org.apache.zookeeper.server.quorum.FastLeaderElection$Messenger$WorkerSender.run(FastLeaderElection.java:430)
	at java.lang.Thread.run(Thread.java:745)
2016-02-03 20:37:03,268 [myid:1] - INFO  [QuorumPeer[myid=1]/0:0:0:0:0:0:0:0:2181:FastLeaderElection@849] - Notification time out: 800
2016-02-03 20:37:03,268 [myid:1] - INFO  [WorkerReceiver[myid=1]:FastLeaderElection@597] - Notification: 1 (message format version), 3 (n.leader), 0x300000000 (n.zxid), 0x3 (n.round), LOOKING (n.state), 1 (n.sid), 0x3 (n.peerEpoch) LOOKING (my state)
2016-02-03 20:37:03,268 [myid:1] - WARN  [WorkerSender[myid=1]:QuorumCnxManager@382] - Cannot open channel to 2 at election address ec2-52-72-19-250.compute-1.amazonaws.com/172.31.0.135:3888
java.net.ConnectException: Connection refused
	at java.net.PlainSocketImpl.socketConnect(Native Method)
	at java.net.AbstractPlainSocketImpl.doConnect(AbstractPlainSocketImpl.java:350)
	at java.net.AbstractPlainSocketImpl.connectToAddress(AbstractPlainSocketImpl.java:206)
	at java.net.AbstractPlainSocketImpl.connect(AbstractPlainSocketImpl.java:188)
	at java.net.SocksSocketImpl.connect(SocksSocketImpl.java:392)
	at java.net.Socket.connect(Socket.java:589)
	at org.apache.zookeeper.server.quorum.QuorumCnxManager.connectOne(QuorumCnxManager.java:368)
	at org.apache.zookeeper.server.quorum.QuorumCnxManager.toSend(QuorumCnxManager.java:341)
	at org.apache.zookeeper.server.quorum.FastLeaderElection$Messenger$WorkerSender.process(FastLeaderElection.java:449)
	at org.apache.zookeeper.server.quorum.FastLeaderElection$Messenger$WorkerSender.run(FastLeaderElection.java:430)
	at java.lang.Thread.run(Thread.java:745)
2016-02-03 20:37:03,269 [myid:1] - WARN  [WorkerSender[myid=1]:QuorumCnxManager@382] - Cannot open channel to 4 at election address ec2-52-7-57-86.compute-1.amazonaws.com/172.31.0.137:3888
java.net.ConnectException: Connection refused
	at java.net.PlainSocketImpl.socketConnect(Native Method)
	at java.net.AbstractPlainSocketImpl.doConnect(AbstractPlainSocketImpl.java:350)
	at java.net.AbstractPlainSocketImpl.connectToAddress(AbstractPlainSocketImpl.java:206)
	at java.net.AbstractPlainSocketImpl.connect(AbstractPlainSocketImpl.java:188)
	at java.net.SocksSocketImpl.connect(SocksSocketImpl.java:392)
	at java.net.Socket.connect(Socket.java:589)
	at org.apache.zookeeper.server.quorum.QuorumCnxManager.connectOne(QuorumCnxManager.java:368)
	at org.apache.zookeeper.server.quorum.QuorumCnxManager.toSend(QuorumCnxManager.java:341)
	at org.apache.zookeeper.server.quorum.FastLeaderElection$Messenger$WorkerSender.process(FastLeaderElection.java:449)
	at org.apache.zookeeper.server.quorum.FastLeaderElection$Messenger$WorkerSender.run(FastLeaderElection.java:430)
	at java.lang.Thread.run(Thread.java:745)
2016-02-03 20:37:04,068 [myid:1] - INFO  [QuorumPeer[myid=1]/0:0:0:0:0:0:0:0:2181:FastLeaderElection@849] - Notification time out: 1600
2016-02-03 20:37:04,069 [myid:1] - INFO  [WorkerReceiver[myid=1]:FastLeaderElection@597] - Notification: 1 (message format version), 3 (n.leader), 0x300000000 (n.zxid), 0x3 (n.round), LOOKING (n.state), 1 (n.sid), 0x3 (n.peerEpoch) LOOKING (my state)
2016-02-03 20:37:04,069 [myid:1] - WARN  [WorkerSender[myid=1]:QuorumCnxManager@382] - Cannot open channel to 2 at election address ec2-52-72-19-250.compute-1.amazonaws.com/172.31.0.135:3888
java.net.ConnectException: Connection refused
	at java.net.PlainSocketImpl.socketConnect(Native Method)
	at java.net.AbstractPlainSocketImpl.doConnect(AbstractPlainSocketImpl.java:350)
	at java.net.AbstractPlainSocketImpl.connectToAddress(AbstractPlainSocketImpl.java:206)
	at java.net.AbstractPlainSocketImpl.connect(AbstractPlainSocketImpl.java:188)
	at java.net.SocksSocketImpl.connect(SocksSocketImpl.java:392)
	at java.net.Socket.connect(Socket.java:589)
	at org.apache.zookeeper.server.quorum.QuorumCnxManager.connectOne(QuorumCnxManager.java:368)
	at org.apache.zookeeper.server.quorum.QuorumCnxManager.toSend(QuorumCnxManager.java:341)
	at org.apache.zookeeper.server.quorum.FastLeaderElection$Messenger$WorkerSender.process(FastLeaderElection.java:449)
	at org.apache.zookeeper.server.quorum.FastLeaderElection$Messenger$WorkerSender.run(FastLeaderElection.java:430)
	at java.lang.Thread.run(Thread.java:745)
2016-02-03 20:37:04,070 [myid:1] - WARN  [WorkerSender[myid=1]:QuorumCnxManager@382] - Cannot open channel to 4 at election address ec2-52-7-57-86.compute-1.amazonaws.com/172.31.0.137:3888
java.net.ConnectException: Connection refused
	at java.net.PlainSocketImpl.socketConnect(Native Method)
	at java.net.AbstractPlainSocketImpl.doConnect(AbstractPlainSocketImpl.java:350)
	at java.net.AbstractPlainSocketImpl.connectToAddress(AbstractPlainSocketImpl.java:206)
	at java.net.AbstractPlainSocketImpl.connect(AbstractPlainSocketImpl.java:188)
	at java.net.SocksSocketImpl.connect(SocksSocketImpl.java:392)
	at java.net.Socket.connect(Socket.java:589)
	at org.apache.zookeeper.server.quorum.QuorumCnxManager.connectOne(QuorumCnxManager.java:368)
	at org.apache.zookeeper.server.quorum.QuorumCnxManager.toSend(QuorumCnxManager.java:341)
	at org.apache.zookeeper.server.quorum.FastLeaderElection$Messenger$WorkerSender.process(FastLeaderElection.java:449)
	at org.apache.zookeeper.server.quorum.FastLeaderElection$Messenger$WorkerSender.run(FastLeaderElection.java:430)
	at java.lang.Thread.run(Thread.java:745)
2016-02-03 20:37:05,669 [myid:1] - INFO  [QuorumPeer[myid=1]/0:0:0:0:0:0:0:0:2181:FastLeaderElection@849] - Notification time out: 3200
2016-02-03 20:37:05,669 [myid:1] - INFO  [WorkerReceiver[myid=1]:FastLeaderElection@597] - Notification: 1 (message format version), 3 (n.leader), 0x300000000 (n.zxid), 0x3 (n.round), LOOKING (n.state), 1 (n.sid), 0x3 (n.peerEpoch) LOOKING (my state)
2016-02-03 20:37:05,670 [myid:1] - WARN  [WorkerSender[myid=1]:QuorumCnxManager@382] - Cannot open channel to 2 at election address ec2-52-72-19-250.compute-1.amazonaws.com/172.31.0.135:3888
java.net.ConnectException: Connection refused
	at java.net.PlainSocketImpl.socketConnect(Native Method)
	at java.net.AbstractPlainSocketImpl.doConnect(AbstractPlainSocketImpl.java:350)
	at java.net.AbstractPlainSocketImpl.connectToAddress(AbstractPlainSocketImpl.java:206)
	at java.net.AbstractPlainSocketImpl.connect(AbstractPlainSocketImpl.java:188)
	at java.net.SocksSocketImpl.connect(SocksSocketImpl.java:392)
	at java.net.Socket.connect(Socket.java:589)
	at org.apache.zookeeper.server.quorum.QuorumCnxManager.connectOne(QuorumCnxManager.java:368)
	at org.apache.zookeeper.server.quorum.QuorumCnxManager.toSend(QuorumCnxManager.java:341)
	at org.apache.zookeeper.server.quorum.FastLeaderElection$Messenger$WorkerSender.process(FastLeaderElection.java:449)
	at org.apache.zookeeper.server.quorum.FastLeaderElection$Messenger$WorkerSender.run(FastLeaderElection.java:430)
	at java.lang.Thread.run(Thread.java:745)
2016-02-03 20:37:05,671 [myid:1] - WARN  [WorkerSender[myid=1]:QuorumCnxManager@382] - Cannot open channel to 4 at election address ec2-52-7-57-86.compute-1.amazonaws.com/172.31.0.137:3888
java.net.ConnectException: Connection refused
	at java.net.PlainSocketImpl.socketConnect(Native Method)
	at java.net.AbstractPlainSocketImpl.doConnect(AbstractPlainSocketImpl.java:350)
	at java.net.AbstractPlainSocketImpl.connectToAddress(AbstractPlainSocketImpl.java:206)
	at java.net.AbstractPlainSocketImpl.connect(AbstractPlainSocketImpl.java:188)
	at java.net.SocksSocketImpl.connect(SocksSocketImpl.java:392)
	at java.net.Socket.connect(Socket.java:589)
	at org.apache.zookeeper.server.quorum.QuorumCnxManager.connectOne(QuorumCnxManager.java:368)
	at org.apache.zookeeper.server.quorum.QuorumCnxManager.toSend(QuorumCnxManager.java:341)
	at org.apache.zookeeper.server.quorum.FastLeaderElection$Messenger$WorkerSender.process(FastLeaderElection.java:449)
	at org.apache.zookeeper.server.quorum.FastLeaderElection$Messenger$WorkerSender.run(FastLeaderElection.java:430)
	at java.lang.Thread.run(Thread.java:745)
2016-02-03 20:37:08,387 [myid:1] - INFO  [NIOServerCxn.Factory:0.0.0.0/0.0.0.0:2181:NIOServerCnxnFactory@197] - Accepted socket connection from /172.31.0.134:45082
2016-02-03 20:37:08,435 [myid:1] - WARN  [NIOServerCxn.Factory:0.0.0.0/0.0.0.0:2181:NIOServerCnxn@362] - Exception causing close of session 0x0 due to java.io.IOException: ZooKeeperServer not running
2016-02-03 20:37:08,435 [myid:1] - INFO  [NIOServerCxn.Factory:0.0.0.0/0.0.0.0:2181:NIOServerCnxn@1007] - Closed socket connection for client /172.31.0.134:45082 (no session established for client)
2016-02-03 20:37:08,870 [myid:1] - INFO  [QuorumPeer[myid=1]/0:0:0:0:0:0:0:0:2181:FastLeaderElection@849] - Notification time out: 6400
2016-02-03 20:37:08,871 [myid:1] - INFO  [WorkerReceiver[myid=1]:FastLeaderElection@597] - Notification: 1 (message format version), 3 (n.leader), 0x300000000 (n.zxid), 0x3 (n.round), LOOKING (n.state), 1 (n.sid), 0x3 (n.peerEpoch) LOOKING (my state)
2016-02-03 20:37:08,871 [myid:1] - WARN  [WorkerSender[myid=1]:QuorumCnxManager@382] - Cannot open channel to 2 at election address ec2-52-72-19-250.compute-1.amazonaws.com/172.31.0.135:3888
java.net.ConnectException: Connection refused
	at java.net.PlainSocketImpl.socketConnect(Native Method)
	at java.net.AbstractPlainSocketImpl.doConnect(AbstractPlainSocketImpl.java:350)
	at java.net.AbstractPlainSocketImpl.connectToAddress(AbstractPlainSocketImpl.java:206)
	at java.net.AbstractPlainSocketImpl.connect(AbstractPlainSocketImpl.java:188)
	at java.net.SocksSocketImpl.connect(SocksSocketImpl.java:392)
	at java.net.Socket.connect(Socket.java:589)
	at org.apache.zookeeper.server.quorum.QuorumCnxManager.connectOne(QuorumCnxManager.java:368)
	at org.apache.zookeeper.server.quorum.QuorumCnxManager.toSend(QuorumCnxManager.java:341)
	at org.apache.zookeeper.server.quorum.FastLeaderElection$Messenger$WorkerSender.process(FastLeaderElection.java:449)
	at org.apache.zookeeper.server.quorum.FastLeaderElection$Messenger$WorkerSender.run(FastLeaderElection.java:430)
	at java.lang.Thread.run(Thread.java:745)
2016-02-03 20:37:08,876 [myid:1] - WARN  [WorkerSender[myid=1]:QuorumCnxManager@382] - Cannot open channel to 4 at election address ec2-52-7-57-86.compute-1.amazonaws.com/172.31.0.137:3888
java.net.ConnectException: Connection refused
	at java.net.PlainSocketImpl.socketConnect(Native Method)
	at java.net.AbstractPlainSocketImpl.doConnect(AbstractPlainSocketImpl.java:350)
	at java.net.AbstractPlainSocketImpl.connectToAddress(AbstractPlainSocketImpl.java:206)
	at java.net.AbstractPlainSocketImpl.connect(AbstractPlainSocketImpl.java:188)
	at java.net.SocksSocketImpl.connect(SocksSocketImpl.java:392)
	at java.net.Socket.connect(Socket.java:589)
	at org.apache.zookeeper.server.quorum.QuorumCnxManager.connectOne(QuorumCnxManager.java:368)
	at org.apache.zookeeper.server.quorum.QuorumCnxManager.toSend(QuorumCnxManager.java:341)
	at org.apache.zookeeper.server.quorum.FastLeaderElection$Messenger$WorkerSender.process(FastLeaderElection.java:449)
	at org.apache.zookeeper.server.quorum.FastLeaderElection$Messenger$WorkerSender.run(FastLeaderElection.java:430)
	at java.lang.Thread.run(Thread.java:745)
2016-02-03 20:37:11,969 [myid:1] - INFO  [NIOServerCxn.Factory:0.0.0.0/0.0.0.0:2181:NIOServerCnxnFactory@197] - Accepted socket connection from /172.31.0.134:45088
2016-02-03 20:37:11,969 [myid:1] - WARN  [NIOServerCxn.Factory:0.0.0.0/0.0.0.0:2181:NIOServerCnxn@362] - Exception causing close of session 0x0 due to java.io.IOException: ZooKeeperServer not running
2016-02-03 20:37:11,970 [myid:1] - INFO  [NIOServerCxn.Factory:0.0.0.0/0.0.0.0:2181:NIOServerCnxn@1007] - Closed socket connection for client /172.31.0.134:45088 (no session established for client)
2016-02-03 20:37:15,275 [myid:1] - INFO  [QuorumPeer[myid=1]/0:0:0:0:0:0:0:0:2181:FastLeaderElection@849] - Notification time out: 12800
2016-02-03 20:37:15,275 [myid:1] - INFO  [WorkerReceiver[myid=1]:FastLeaderElection@597] - Notification: 1 (message format version), 3 (n.leader), 0x300000000 (n.zxid), 0x3 (n.round), LOOKING (n.state), 1 (n.sid), 0x3 (n.peerEpoch) LOOKING (my state)
2016-02-03 20:37:15,276 [myid:1] - WARN  [WorkerSender[myid=1]:QuorumCnxManager@382] - Cannot open channel to 2 at election address ec2-52-72-19-250.compute-1.amazonaws.com/172.31.0.135:3888
java.net.ConnectException: Connection refused
	at java.net.PlainSocketImpl.socketConnect(Native Method)
	at java.net.AbstractPlainSocketImpl.doConnect(AbstractPlainSocketImpl.java:350)
	at java.net.AbstractPlainSocketImpl.connectToAddress(AbstractPlainSocketImpl.java:206)
	at java.net.AbstractPlainSocketImpl.connect(AbstractPlainSocketImpl.java:188)
	at java.net.SocksSocketImpl.connect(SocksSocketImpl.java:392)
	at java.net.Socket.connect(Socket.java:589)
	at org.apache.zookeeper.server.quorum.QuorumCnxManager.connectOne(QuorumCnxManager.java:368)
	at org.apache.zookeeper.server.quorum.QuorumCnxManager.toSend(QuorumCnxManager.java:341)
	at org.apache.zookeeper.server.quorum.FastLeaderElection$Messenger$WorkerSender.process(FastLeaderElection.java:449)
	at org.apache.zookeeper.server.quorum.FastLeaderElection$Messenger$WorkerSender.run(FastLeaderElection.java:430)
	at java.lang.Thread.run(Thread.java:745)
2016-02-03 20:37:15,277 [myid:1] - WARN  [WorkerSender[myid=1]:QuorumCnxManager@382] - Cannot open channel to 4 at election address ec2-52-7-57-86.compute-1.amazonaws.com/172.31.0.137:3888
java.net.ConnectException: Connection refused
	at java.net.PlainSocketImpl.socketConnect(Native Method)
	at java.net.AbstractPlainSocketImpl.doConnect(AbstractPlainSocketImpl.java:350)
	at java.net.AbstractPlainSocketImpl.connectToAddress(AbstractPlainSocketImpl.java:206)
	at java.net.AbstractPlainSocketImpl.connect(AbstractPlainSocketImpl.java:188)
	at java.net.SocksSocketImpl.connect(SocksSocketImpl.java:392)
	at java.net.Socket.connect(Socket.java:589)
	at org.apache.zookeeper.server.quorum.QuorumCnxManager.connectOne(QuorumCnxManager.java:368)
	at org.apache.zookeeper.server.quorum.QuorumCnxManager.toSend(QuorumCnxManager.java:341)
	at org.apache.zookeeper.server.quorum.FastLeaderElection$Messenger$WorkerSender.process(FastLeaderElection.java:449)
	at org.apache.zookeeper.server.quorum.FastLeaderElection$Messenger$WorkerSender.run(FastLeaderElection.java:430)
	at java.lang.Thread.run(Thread.java:745)
2016-02-03 20:37:28,076 [myid:1] - INFO  [QuorumPeer[myid=1]/0:0:0:0:0:0:0:0:2181:FastLeaderElection@849] - Notification time out: 25600
2016-02-03 20:37:28,076 [myid:1] - INFO  [WorkerReceiver[myid=1]:FastLeaderElection@597] - Notification: 1 (message format version), 3 (n.leader), 0x300000000 (n.zxid), 0x3 (n.round), LOOKING (n.state), 1 (n.sid), 0x3 (n.peerEpoch) LOOKING (my state)
2016-02-03 20:37:28,077 [myid:1] - WARN  [WorkerSender[myid=1]:QuorumCnxManager@382] - Cannot open channel to 2 at election address ec2-52-72-19-250.compute-1.amazonaws.com/172.31.0.135:3888
java.net.ConnectException: Connection refused
	at java.net.PlainSocketImpl.socketConnect(Native Method)
	at java.net.AbstractPlainSocketImpl.doConnect(AbstractPlainSocketImpl.java:350)
	at java.net.AbstractPlainSocketImpl.connectToAddress(AbstractPlainSocketImpl.java:206)
	at java.net.AbstractPlainSocketImpl.connect(AbstractPlainSocketImpl.java:188)
	at java.net.SocksSocketImpl.connect(SocksSocketImpl.java:392)
	at java.net.Socket.connect(Socket.java:589)
	at org.apache.zookeeper.server.quorum.QuorumCnxManager.connectOne(QuorumCnxManager.java:368)
	at org.apache.zookeeper.server.quorum.QuorumCnxManager.toSend(QuorumCnxManager.java:341)
	at org.apache.zookeeper.server.quorum.FastLeaderElection$Messenger$WorkerSender.process(FastLeaderElection.java:449)
	at org.apache.zookeeper.server.quorum.FastLeaderElection$Messenger$WorkerSender.run(FastLeaderElection.java:430)
	at java.lang.Thread.run(Thread.java:745)
2016-02-03 20:37:28,078 [myid:1] - WARN  [WorkerSender[myid=1]:QuorumCnxManager@382] - Cannot open channel to 4 at election address ec2-52-7-57-86.compute-1.amazonaws.com/172.31.0.137:3888
java.net.ConnectException: Connection refused
	at java.net.PlainSocketImpl.socketConnect(Native Method)
	at java.net.AbstractPlainSocketImpl.doConnect(AbstractPlainSocketImpl.java:350)
	at java.net.AbstractPlainSocketImpl.connectToAddress(AbstractPlainSocketImpl.java:206)
	at java.net.AbstractPlainSocketImpl.connect(AbstractPlainSocketImpl.java:188)
	at java.net.SocksSocketImpl.connect(SocksSocketImpl.java:392)
	at java.net.Socket.connect(Socket.java:589)
	at org.apache.zookeeper.server.quorum.QuorumCnxManager.connectOne(QuorumCnxManager.java:368)
	at org.apache.zookeeper.server.quorum.QuorumCnxManager.toSend(QuorumCnxManager.java:341)
	at org.apache.zookeeper.server.quorum.FastLeaderElection$Messenger$WorkerSender.process(FastLeaderElection.java:449)
	at org.apache.zookeeper.server.quorum.FastLeaderElection$Messenger$WorkerSender.run(FastLeaderElection.java:430)
	at java.lang.Thread.run(Thread.java:745)
